<?xml version="1.0" encoding="UTF-8"?>
<robot generator="Robot 6.0.2 (Python 3.7.0 on win32)" generated="20230405 21:01:07.898" rpa="false" schemaversion="3">
<suite id="s1" name="AssignRoleToEmployee" source="C:\Users\bmahe\OneDrive\Desktop\RobotFramework\Automation\Testcases\AssignRoleToEmployee.robot">
<test id="s1-t1" name="Test1" line="6">
<kw name="Log To Console" library="BuiltIn">
<arg>${firstvar}</arg>
<doc>Logs the given message to the console.</doc>
<status status="PASS" starttime="20230405 21:01:08.149" endtime="20230405 21:01:08.149"/>
</kw>
<tag>one</tag>
<status status="PASS" starttime="20230405 21:01:08.149" endtime="20230405 21:01:08.149"/>
</test>
<test id="s1-t2" name="Test2" line="10">
<kw name="Log To Console" library="BuiltIn">
<arg>${second}</arg>
<doc>Logs the given message to the console.</doc>
<status status="PASS" starttime="20230405 21:01:08.149" endtime="20230405 21:01:08.149"/>
</kw>
<tag>one</tag>
<status status="PASS" starttime="20230405 21:01:08.149" endtime="20230405 21:01:08.149"/>
</test>
<test id="s1-t3" name="Test3" line="14">
<kw name="Log To Console" library="BuiltIn">
<arg>${Third}</arg>
<doc>Logs the given message to the console.</doc>
<status status="PASS" starttime="20230405 21:01:08.149" endtime="20230405 21:01:08.149"/>
</kw>
<tag>four</tag>
<tag>one</tag>
<status status="PASS" starttime="20230405 21:01:08.149" endtime="20230405 21:01:08.149"/>
</test>
<test id="s1-t4" name="Test4" line="18">
<kw name="Log To Console" library="BuiltIn">
<arg>this is test4</arg>
<doc>Logs the given message to the console.</doc>
<status status="PASS" starttime="20230405 21:01:08.149" endtime="20230405 21:01:08.149"/>
</kw>
<tag>three</tag>
<tag>two</tag>
<status status="PASS" starttime="20230405 21:01:08.149" endtime="20230405 21:01:08.149"/>
</test>
<status status="PASS" starttime="20230405 21:01:07.898" endtime="20230405 21:01:08.149"/>
</suite>
<statistics>
<total>
<stat pass="4" fail="0" skip="0">All Tests</stat>
</total>
<tag>
<stat pass="1" fail="0" skip="0">four</stat>
<stat pass="3" fail="0" skip="0">one</stat>
<stat pass="1" fail="0" skip="0">three</stat>
<stat pass="1" fail="0" skip="0">two</stat>
</tag>
<suite>
<stat pass="4" fail="0" skip="0" id="s1" name="AssignRoleToEmployee">AssignRoleToEmployee</stat>
</suite>
</statistics>
<errors>
</errors>
</robot>
