<?xml version="1.0" encoding="UTF-8"?>
<robot generator="Robot 6.0.2 (Python 3.7.0 on win32)" generated="20230421 19:49:00.977" rpa="false" schemaversion="3">
<suite id="s1" name="AssignRoleToEmployee" source="C:\Users\bmahe\OneDrive\Desktop\RobotFramework\Automation\Testcases\AssignRoleToEmployee.robot">
<test id="s1-t1" name="Test1" line="6">
<kw name="Log To Console" library="BuiltIn">
<arg>grgr</arg>
<doc>Logs the given message to the console.</doc>
<status status="PASS" starttime="20230421 19:49:01.289" endtime="20230421 19:49:01.289"/>
</kw>
<tag>AD</tag>
<status status="PASS" starttime="20230421 19:49:01.289" endtime="20230421 19:49:01.289"/>
</test>
<test id="s1-t2" name="Test2" line="10">
<kw name="Log To Console" library="BuiltIn">
<arg>fretrg</arg>
<doc>Logs the given message to the console.</doc>
<status status="PASS" starttime="20230421 19:49:01.289" endtime="20230421 19:49:01.289"/>
</kw>
<tag>AD</tag>
<status status="PASS" starttime="20230421 19:49:01.289" endtime="20230421 19:49:01.289"/>
</test>
<status status="PASS" starttime="20230421 19:49:00.985" endtime="20230421 19:49:01.289"/>
</suite>
<statistics>
<total>
<stat pass="2" fail="0" skip="0">All Tests</stat>
</total>
<tag>
<stat pass="2" fail="0" skip="0">AD</stat>
</tag>
<suite>
<stat pass="2" fail="0" skip="0" id="s1" name="AssignRoleToEmployee">AssignRoleToEmployee</stat>
</suite>
</statistics>
<errors>
</errors>
</robot>
